<?xml version="1.0" encoding="UTF-8"?>
<testsuite failures="0" errors="0" skipped="0" tests="1" time="1.312586" name="Publicar artigo">
<testcase classname="Publicar artigo" name="Publicar novo artigo no blog" time="1.312586">
  <system-out>
    <![CDATA[]]>
  </system-out>
  <system-err>
    <![CDATA[]]>
  </system-err>
</testcase>
</testsuite>
