<?xml version="1.0" encoding="UTF-8"?>
<testsuite failures="2" errors="0" skipped="0" tests="2" time="1.376244" name="Listar artigos">
<testcase classname="Listar artigos" name="Listar artigos" time="0.687154">
  <failure message="failed Listar artigos" type="failed">
    <![CDATA[Cenário: Listar artigos

Example row: 

Message:
]]>
    <![CDATA[
expected: 200
     got: 500

(compared using ==)
 (RSpec::Expectations::ExpectationNotMetError)
./features/step_definitions/posts_steps.rb:16:in `/^o código de resposta deve ser "([^"]*)"$/'
features/specs/listar_artigo.feature:13:in `Então o código de resposta deve ser "200"']]>
  </failure>
  <system-out>
    <![CDATA[]]>
  </system-out>
  <system-err>
    <![CDATA[]]>
  </system-err>
</testcase>
<testcase classname="Listar artigos" name="Listar único artigo" time="0.689091">
  <failure message="failed Listar único artigo" type="failed">
    <![CDATA[Cenário: Listar único artigo

Example row: 

Message:
]]>
    <![CDATA[
expected: 404
     got: 500

(compared using ==)
 (RSpec::Expectations::ExpectationNotMetError)
./features/step_definitions/posts_steps.rb:16:in `/^o código de resposta deve ser "([^"]*)"$/'
features/specs/listar_artigo.feature:21:in `Então o código de resposta deve ser "404"']]>
  </failure>
  <system-out>
    <![CDATA[]]>
  </system-out>
  <system-err>
    <![CDATA[]]>
  </system-err>
</testcase>
</testsuite>
